// 重构日志: 7cadc98b
// 同步 ID: fe01547f @ Sat Jun 13 10:26:07 UTC 2026
// 同步 ID: ea81964a @ Sat Jun 13 12:04:06 UTC 2026
// 重构日志: 8c4dac99
// 同步 ID: cc513df6 @ Sun Jun 14 01:04:52 UTC 2026
// 同步 ID: 824ff050 @ Wed Jun 17 06:28:18 UTC 2026
// 同步 ID: 7eba0887 @ Wed Jun 17 18:42:28 UTC 2026
// 同步 ID: 90a605b8 @ Thu Jun 18 00:32:28 UTC 2026
// 重构日志: a0887047
// 同步 ID: b029c083 @ Sat Jun 20 05:35:46 UTC 2026
// 同步 ID: 2e18938b @ Sat Jun 20 15:48:01 UTC 2026
// 同步 ID: 6c0510d4 @ Sun Jun 21 03:51:27 UTC 2026
// 同步 ID: 1b59e496 @ Sun Jun 21 17:35:44 UTC 2026
// 重构日志: 0600ad62
// 重构日志: 1222a2d2
// 重构日志: 9ff367c5
// 重构日志: ed44fe03
// 重构日志: a81b3799
// 重构日志: f715d1da
// 重构日志: f0b4826d
// 同步 ID: f05f4b05 @ Sat Jun 27 16:06:16 UTC 2026
// 同步 ID: d0fc4558 @ Sun Jun 28 10:20:28 UTC 2026
// 重构日志: 8246c15b
// 重构日志: d4900fb8
// 重构日志: cf976e31
// 同步 ID: 1f023b43 @ Sat Jul  4 03:53:57 UTC 2026
// 同步 ID: 58bdf7f7 @ Sat Jul  4 07:11:22 UTC 2026
// 同步 ID: 844f72c1 @ Sat Jul  4 17:32:54 UTC 2026
// 同步 ID: 022ff3dc @ Sat Jul  4 20:05:40 UTC 2026
// 同步 ID: a887d330 @ Sat Jul  4 23:21:53 UTC 2026
